<?xml version="1.0" encoding="UTF-8"?>
<!-- Generated by org.testng.reporters.JUnitReportReporter -->
<testsuite hostname="radhey" failures="0" tests="1" name="com.avighna.qa.testCase.LoginTest" time="6.729" errors="0" timestamp="2024-11-15T10:34:51 IST" skipped="0">
  <testcase classname="com.avighna.qa.testCase.LoginTest" name="LoginToPortal" time="6.729"/>
  <system-out/>
</testsuite> <!-- com.avighna.qa.testCase.LoginTest -->
