<?xml version="1.0" encoding="UTF-8"?>
<!-- Generated by org.testng.reporters.JUnitReportReporter -->
<testsuite hostname="radhey" failures="0" tests="1" name="com.avighna.qa.testCase.LoginTest" time="7.376" errors="0" timestamp="2024-11-14T16:02:52 IST" skipped="0">
  <testcase classname="com.avighna.qa.testCase.LoginTest" name="LoginToPortal" time="7.376"/>
  <system-out/>
</testsuite> <!-- com.avighna.qa.testCase.LoginTest -->
